<?xml version="1.0" encoding="UTF-8"?>
<testsuite name="edu.umn.cs.csci3081w.project.model.StopTest" tests="10" skipped="0" failures="0" errors="0" timestamp="2021-03-19T01:39:38" hostname="Hyunjins-MacBook-Pro.local" time="0.015">
  <properties/>
  <testcase name="testAddPassengers()" classname="edu.umn.cs.csci3081w.project.model.StopTest" time="0.001"/>
  <testcase name="testConstructorNormal()" classname="edu.umn.cs.csci3081w.project.model.StopTest" time="0.0"/>
  <testcase name="testLoadPassengersEmptyStopEmptyBus()" classname="edu.umn.cs.csci3081w.project.model.StopTest" time="0.001"/>
  <testcase name="testLoadPassengersEmptyStopFullBus()" classname="edu.umn.cs.csci3081w.project.model.StopTest" time="0.0"/>
  <testcase name="testLoadPassengersNonEmptyStopFullBus()" classname="edu.umn.cs.csci3081w.project.model.StopTest" time="0.001"/>
  <testcase name="testStopReportWithPassenger()" classname="edu.umn.cs.csci3081w.project.model.StopTest" time="0.002"/>
  <testcase name="testLoadPassengersNonEmptyStopEmptyBus()" classname="edu.umn.cs.csci3081w.project.model.StopTest" time="0.001"/>
  <testcase name="testStopReportNoPassengers()" classname="edu.umn.cs.csci3081w.project.model.StopTest" time="0.001"/>
  <testcase name="testSimulationUpdateOnNonEmptyStop()" classname="edu.umn.cs.csci3081w.project.model.StopTest" time="0.001"/>
  <testcase name="testGetNumPassengerPresent()" classname="edu.umn.cs.csci3081w.project.model.StopTest" time="0.001"/>
  <system-out><![CDATA[]]></system-out>
  <system-err><![CDATA[]]></system-err>
</testsuite>
