<?xml version="1.0" encoding="UTF-8"?>
<testsuite name="edu.umn.cs.csci3081w.project.model.BusDeploymentStrategyDayTest" tests="2" skipped="0" failures="0" errors="0" timestamp="2021-03-19T01:39:38" hostname="Hyunjins-MacBook-Pro.local" time="0.002">
  <properties/>
  <testcase name="testGetNextBus()" classname="edu.umn.cs.csci3081w.project.model.BusDeploymentStrategyDayTest" time="0.001"/>
  <testcase name="testGetNextBusTypeIsNotZero()" classname="edu.umn.cs.csci3081w.project.model.BusDeploymentStrategyDayTest" time="0.0"/>
  <system-out><![CDATA[]]></system-out>
  <system-err><![CDATA[]]></system-err>
</testsuite>
