<?xml version="1.0" encoding="UTF-8"?>
<testsuite name="edu.umn.cs.csci3081w.project.webserver.LoggerTest" tests="3" skipped="0" failures="0" errors="0" timestamp="2021-03-19T01:39:37" hostname="Hyunjins-MacBook-Pro.local" time="0.05">
  <properties/>
  <testcase name="testLogRoutes()" classname="edu.umn.cs.csci3081w.project.webserver.LoggerTest" time="0.044"/>
  <testcase name="testCloseLogger()" classname="edu.umn.cs.csci3081w.project.webserver.LoggerTest" time="0.001"/>
  <testcase name="testLogBusses()" classname="edu.umn.cs.csci3081w.project.webserver.LoggerTest" time="0.002"/>
  <system-out><![CDATA[]]></system-out>
  <system-err><![CDATA[]]></system-err>
</testsuite>
