<?xml version="1.0" encoding="UTF-8"?>
<testsuite name="edu.umn.cs.csci3081w.project.webserver.MyWebServerTest" tests="6" skipped="0" failures="0" errors="0" timestamp="2021-03-19T01:39:37" hostname="Hyunjins-MacBook-Pro.local" time="0.018">
  <properties/>
  <testcase name="testUpdateBusFoundNullDeletedFalse()" classname="edu.umn.cs.csci3081w.project.webserver.MyWebServerTest" time="0.003"/>
  <testcase name="testUpdateBusFoundNullDeletedTrue()" classname="edu.umn.cs.csci3081w.project.webserver.MyWebServerTest" time="0.002"/>
  <testcase name="testUpdateRouteDeletedTrue()" classname="edu.umn.cs.csci3081w.project.webserver.MyWebServerTest" time="0.001"/>
  <testcase name="testUpdateBusDeletedFalse()" classname="edu.umn.cs.csci3081w.project.webserver.MyWebServerTest" time="0.001"/>
  <testcase name="testUpdateRouteDeletedFalse()" classname="edu.umn.cs.csci3081w.project.webserver.MyWebServerTest" time="0.002"/>
  <testcase name="testUpdateBusDeletedTrue()" classname="edu.umn.cs.csci3081w.project.webserver.MyWebServerTest" time="0.002"/>
  <system-out><![CDATA[]]></system-out>
  <system-err><![CDATA[]]></system-err>
</testsuite>
