<?xml version="1.0" encoding="UTF-8"?>
<testsuite name="edu.umn.cs.csci3081w.project.webserver.VisualizationSimulatorTest" tests="8" skipped="0" failures="0" errors="0" timestamp="2021-03-19T01:39:37" hostname="Hyunjins-MacBook-Pro.local" time="0.081">
  <properties/>
  <testcase name="testTogglePauseTrue()" classname="edu.umn.cs.csci3081w.project.webserver.VisualizationSimulatorTest" time="0.009"/>
  <testcase name="testStart()" classname="edu.umn.cs.csci3081w.project.webserver.VisualizationSimulatorTest" time="0.011"/>
  <testcase name="testUpdateInside()" classname="edu.umn.cs.csci3081w.project.webserver.VisualizationSimulatorTest" time="0.022"/>
  <testcase name="testStopObserver()" classname="edu.umn.cs.csci3081w.project.webserver.VisualizationSimulatorTest" time="0.007"/>
  <testcase name="testAddBusObserver()" classname="edu.umn.cs.csci3081w.project.webserver.VisualizationSimulatorTest" time="0.005"/>
  <testcase name="testTogglePauseFalse()" classname="edu.umn.cs.csci3081w.project.webserver.VisualizationSimulatorTest" time="0.006"/>
  <testcase name="testStopObserverConfigM()" classname="edu.umn.cs.csci3081w.project.webserver.VisualizationSimulatorTest" time="0.001"/>
  <testcase name="testUpdate()" classname="edu.umn.cs.csci3081w.project.webserver.VisualizationSimulatorTest" time="0.013"/>
  <system-out><![CDATA[class loaded class edu.umn.cs.csci3081w.project.webserver.MyWebServerSession$MockitoMock$1382671803
session opened
 Campus Connector  East Bound
7
44.97358
44.975392
44.975837
44.980753
44.983375
44.98454
44.98463
 Campus Connector  West Bound
8
44.98463
44.984482
44.983703
44.980663
44.976397
44.978058
44.978366
44.974549
 Campus Connector  East Bound Express
2
44.980753
44.98463
 Campus Connector  West Bound Express
2
44.98463
44.976397
class loaded class edu.umn.cs.csci3081w.project.webserver.MyWebServerSession$MockitoMock$1382671803
session opened
 Campus Connector  East Bound
7
44.97358
44.975392
44.975837
44.980753
44.983375
44.98454
44.98463
 Campus Connector  West Bound
8
44.98463
44.984482
44.983703
44.980663
44.976397
44.978058
44.978366
44.974549
 Campus Connector  East Bound Express
2
44.980753
44.98463
 Campus Connector  West Bound Express
2
44.98463
44.976397
####Route Info Start####
Name: route1
Num stops: 3
****Stops Info Start****
++++Next Stop Info Start++++
####Stop Info Start####
ID: 0
****Passengers Info Start****
Num passengers waiting: 0
****Passengers Info End****
####Stop Info End####
++++Next Stop Info End++++
####Stop Info Start####
ID: 1
****Passengers Info Start****
Num passengers waiting: 0
****Passengers Info End****
####Stop Info End####
####Stop Info Start####
ID: 2
****Passengers Info Start****
Num passengers waiting: 0
****Passengers Info End****
####Stop Info End####
****Stops Info End****
####Route Info End####
####Route Info Start####
Name: route2
Num stops: 3
****Stops Info Start****
++++Next Stop Info Start++++
####Stop Info Start####
ID: 0
****Passengers Info Start****
Num passengers waiting: 0
****Passengers Info End****
####Stop Info End####
++++Next Stop Info End++++
####Stop Info Start####
ID: 1
****Passengers Info Start****
Num passengers waiting: 0
****Passengers Info End****
####Stop Info End####
####Stop Info Start####
ID: 2
****Passengers Info Start****
Num passengers waiting: 0
****Passengers Info End****
####Stop Info End####
****Stops Info End****
####Route Info End####
class loaded class edu.umn.cs.csci3081w.project.webserver.MyWebServerSession$MockitoMock$1382671803
session opened
 Campus Connector  East Bound
7
44.97358
44.975392
44.975837
44.980753
44.983375
44.98454
44.98463
 Campus Connector  West Bound
8
44.98463
44.984482
44.983703
44.980663
44.976397
44.978058
44.978366
44.974549
 Campus Connector  East Bound Express
2
44.980753
44.98463
 Campus Connector  West Bound Express
2
44.98463
44.976397
~~~~The simulation time is nowat time step 1~~~~
####Bus Info Start####
Name: TestBus
Speed: 1.0
Distance to next stop: 0.0
****Passengers Info Start****
Num of passengers: 0
****Passengers Info End****
####Bus Info End####
####Bus Info Start####
Name: TestBus
Speed: 1.0
Distance to next stop: 0.0
****Passengers Info Start****
Num of passengers: 0
****Passengers Info End****
####Bus Info End####
####Route Info Start####
Name: TestRoute
Num stops: 3
****Stops Info Start****
++++Next Stop Info Start++++
####Stop Info Start####
ID: 0
****Passengers Info Start****
Num passengers waiting: 1
####Passenger Info Start####
Name: Goldy
Destination: 2
Total wait: 1
Wait at stop: 1
Time on bus: 0
####Passenger Info End####
****Passengers Info End****
####Stop Info End####
++++Next Stop Info End++++
####Stop Info Start####
ID: 1
****Passengers Info Start****
Num passengers waiting: 1
####Passenger Info Start####
Name: President
Destination: 2
Total wait: 1
Wait at stop: 1
Time on bus: 0
####Passenger Info End####
****Passengers Info End****
####Stop Info End####
####Stop Info Start####
ID: 2
****Passengers Info Start****
Num passengers waiting: 0
****Passengers Info End****
####Stop Info End####
****Stops Info End****
####Route Info End####
####Route Info Start####
Name: TestRoute
Num stops: 3
****Stops Info Start****
++++Next Stop Info Start++++
####Stop Info Start####
ID: 0
****Passengers Info Start****
Num passengers waiting: 1
####Passenger Info Start####
Name: Coach
Destination: 2
Total wait: 1
Wait at stop: 1
Time on bus: 0
####Passenger Info End####
****Passengers Info End****
####Stop Info End####
++++Next Stop Info End++++
####Stop Info Start####
ID: 1
****Passengers Info Start****
Num passengers waiting: 1
####Passenger Info Start####
Name: Goldy
Destination: 2
Total wait: 1
Wait at stop: 1
Time on bus: 0
####Passenger Info End####
****Passengers Info End****
####Stop Info End####
####Stop Info Start####
ID: 2
****Passengers Info Start****
Num passengers waiting: 0
****Passengers Info End****
####Stop Info End####
****Stops Info End****
####Route Info End####
####Route Info Start####
Name: TestRoute
Num stops: 3
****Stops Info Start****
++++Next Stop Info Start++++
####Stop Info Start####
ID: 0
****Passengers Info Start****
Num passengers waiting: 1
####Passenger Info Start####
Name: President
Destination: 2
Total wait: 1
Wait at stop: 1
Time on bus: 0
####Passenger Info End####
****Passengers Info End****
####Stop Info End####
++++Next Stop Info End++++
####Stop Info Start####
ID: 1
****Passengers Info Start****
Num passengers waiting: 1
####Passenger Info Start####
Name: Coach
Destination: 2
Total wait: 1
Wait at stop: 1
Time on bus: 0
####Passenger Info End####
****Passengers Info End****
####Stop Info End####
####Stop Info Start####
ID: 2
****Passengers Info Start****
Num passengers waiting: 0
****Passengers Info End****
####Stop Info End####
****Stops Info End****
####Route Info End####
####Route Info Start####
Name: TestRoute
Num stops: 3
****Stops Info Start****
++++Next Stop Info Start++++
####Stop Info Start####
ID: 0
****Passengers Info Start****
Num passengers waiting: 1
####Passenger Info Start####
Name: Goldy
Destination: 2
Total wait: 1
Wait at stop: 1
Time on bus: 0
####Passenger Info End####
****Passengers Info End****
####Stop Info End####
++++Next Stop Info End++++
####Stop Info Start####
ID: 1
****Passengers Info Start****
Num passengers waiting: 1
####Passenger Info Start####
Name: President
Destination: 2
Total wait: 1
Wait at stop: 1
Time on bus: 0
####Passenger Info End####
****Passengers Info End****
####Stop Info End####
####Stop Info Start####
ID: 2
****Passengers Info Start****
Num passengers waiting: 0
****Passengers Info End****
####Stop Info End####
****Stops Info End****
####Route Info End####
class loaded class edu.umn.cs.csci3081w.project.webserver.MyWebServerSession$MockitoMock$1382671803
session opened
 Campus Connector  East Bound
7
44.97358
44.975392
44.975837
44.980753
44.983375
44.98454
44.98463
 Campus Connector  West Bound
8
44.98463
44.984482
44.983703
44.980663
44.976397
44.978058
44.978366
44.974549
 Campus Connector  East Bound Express
2
44.980753
44.98463
 Campus Connector  West Bound Express
2
44.98463
44.976397
class loaded class edu.umn.cs.csci3081w.project.webserver.MyWebServerSession$MockitoMock$1382671803
session opened
 Campus Connector  East Bound
7
44.97358
44.975392
44.975837
44.980753
44.983375
44.98454
44.98463
 Campus Connector  West Bound
8
44.98463
44.984482
44.983703
44.980663
44.976397
44.978058
44.978366
44.974549
 Campus Connector  East Bound Express
2
44.980753
44.98463
 Campus Connector  West Bound Express
2
44.98463
44.976397
class loaded class edu.umn.cs.csci3081w.project.webserver.MyWebServerSession$MockitoMock$1382671803
session opened
 Campus Connector  East Bound
7
44.97358
44.975392
44.975837
44.980753
44.983375
44.98454
44.98463
 Campus Connector  West Bound
8
44.98463
44.984482
44.983703
44.980663
44.976397
44.978058
44.978366
44.974549
 Campus Connector  East Bound Express
2
44.980753
44.98463
 Campus Connector  West Bound Express
2
44.98463
44.976397
class loaded class edu.umn.cs.csci3081w.project.webserver.MyWebServerSession$MockitoMock$1382671803
class loaded class edu.umn.cs.csci3081w.project.webserver.MyWebServerSession$MockitoMock$1382671803
session opened
 Campus Connector  East Bound
7
44.97358
44.975392
44.975837
44.980753
44.983375
44.98454
44.98463
 Campus Connector  West Bound
8
44.98463
44.984482
44.983703
44.980663
44.976397
44.978058
44.978366
44.974549
 Campus Connector  East Bound Express
2
44.980753
44.98463
 Campus Connector  West Bound Express
2
44.98463
44.976397
~~~~The simulation time is nowat time step 1~~~~
####Route Info Start####
Name: TestRoute
Num stops: 3
****Stops Info Start****
++++Next Stop Info Start++++
####Stop Info Start####
ID: 0
****Passengers Info Start****
Num passengers waiting: 1
####Passenger Info Start####
Name: Goldy
Destination: 2
Total wait: 1
Wait at stop: 1
Time on bus: 0
####Passenger Info End####
****Passengers Info End****
####Stop Info End####
++++Next Stop Info End++++
####Stop Info Start####
ID: 1
****Passengers Info Start****
Num passengers waiting: 1
####Passenger Info Start####
Name: President
Destination: 2
Total wait: 1
Wait at stop: 1
Time on bus: 0
####Passenger Info End####
****Passengers Info End****
####Stop Info End####
####Stop Info Start####
ID: 2
****Passengers Info Start****
Num passengers waiting: 0
****Passengers Info End****
####Stop Info End####
****Stops Info End****
####Route Info End####
####Route Info Start####
Name: TestRoute
Num stops: 3
****Stops Info Start****
++++Next Stop Info Start++++
####Stop Info Start####
ID: 0
****Passengers Info Start****
Num passengers waiting: 1
####Passenger Info Start####
Name: Coach
Destination: 2
Total wait: 1
Wait at stop: 1
Time on bus: 0
####Passenger Info End####
****Passengers Info End****
####Stop Info End####
++++Next Stop Info End++++
####Stop Info Start####
ID: 1
****Passengers Info Start****
Num passengers waiting: 1
####Passenger Info Start####
Name: Goldy
Destination: 2
Total wait: 1
Wait at stop: 1
Time on bus: 0
####Passenger Info End####
****Passengers Info End****
####Stop Info End####
####Stop Info Start####
ID: 2
****Passengers Info Start****
Num passengers waiting: 0
****Passengers Info End****
####Stop Info End####
****Stops Info End****
####Route Info End####
####Route Info Start####
Name: TestRoute
Num stops: 3
****Stops Info Start****
++++Next Stop Info Start++++
####Stop Info Start####
ID: 0
****Passengers Info Start****
Num passengers waiting: 1
####Passenger Info Start####
Name: President
Destination: 2
Total wait: 1
Wait at stop: 1
Time on bus: 0
####Passenger Info End####
****Passengers Info End****
####Stop Info End####
++++Next Stop Info End++++
####Stop Info Start####
ID: 1
****Passengers Info Start****
Num passengers waiting: 1
####Passenger Info Start####
Name: Coach
Destination: 2
Total wait: 1
Wait at stop: 1
Time on bus: 0
####Passenger Info End####
****Passengers Info End****
####Stop Info End####
####Stop Info Start####
ID: 2
****Passengers Info Start****
Num passengers waiting: 0
****Passengers Info End****
####Stop Info End####
****Stops Info End****
####Route Info End####
####Route Info Start####
Name: TestRoute
Num stops: 3
****Stops Info Start****
++++Next Stop Info Start++++
####Stop Info Start####
ID: 0
****Passengers Info Start****
Num passengers waiting: 1
####Passenger Info Start####
Name: Goldy
Destination: 2
Total wait: 1
Wait at stop: 1
Time on bus: 0
####Passenger Info End####
****Passengers Info End****
####Stop Info End####
++++Next Stop Info End++++
####Stop Info Start####
ID: 1
****Passengers Info Start****
Num passengers waiting: 1
####Passenger Info Start####
Name: President
Destination: 2
Total wait: 1
Wait at stop: 1
Time on bus: 0
####Passenger Info End####
****Passengers Info End****
####Stop Info End####
####Stop Info Start####
ID: 2
****Passengers Info Start****
Num passengers waiting: 0
****Passengers Info End****
####Stop Info End####
****Stops Info End****
####Route Info End####
]]></system-out>
  <system-err><![CDATA[]]></system-err>
</testsuite>
