<?xml version="1.0" encoding="UTF-8"?>
<testsuite name="edu.umn.cs.csci3081w.project.model.OverallConcreteBuscreatorTest" tests="4" skipped="0" failures="0" errors="0" timestamp="2021-03-19T01:39:38" hostname="Hyunjins-MacBook-Pro.local" time="0.005">
  <properties/>
  <testcase name="testCreateBusDay15()" classname="edu.umn.cs.csci3081w.project.model.OverallConcreteBuscreatorTest" time="0.001"/>
  <testcase name="testSetCurrentConcreteBusCreator()" classname="edu.umn.cs.csci3081w.project.model.OverallConcreteBuscreatorTest" time="0.001"/>
  <testcase name="testCreateBusDay1()" classname="edu.umn.cs.csci3081w.project.model.OverallConcreteBuscreatorTest" time="0.0"/>
  <testcase name="testCreateBus()" classname="edu.umn.cs.csci3081w.project.model.OverallConcreteBuscreatorTest" time="0.001"/>
  <system-out><![CDATA[]]></system-out>
  <system-err><![CDATA[]]></system-err>
</testsuite>
