<?xml version="1.0" encoding="UTF-8"?>
<testsuite name="edu.umn.cs.csci3081w.project.model.PassengerTest" tests="5" skipped="0" failures="0" errors="0" timestamp="2021-03-19T01:39:38" hostname="Hyunjins-MacBook-Pro.local" time="0.006">
  <properties/>
  <testcase name="testGetOnBus()" classname="edu.umn.cs.csci3081w.project.model.PassengerTest" time="0.0"/>
  <testcase name="testPassengerUpdateOnBus()" classname="edu.umn.cs.csci3081w.project.model.PassengerTest" time="0.0"/>
  <testcase name="testPassengerUpdate()" classname="edu.umn.cs.csci3081w.project.model.PassengerTest" time="0.0"/>
  <testcase name="testReport()" classname="edu.umn.cs.csci3081w.project.model.PassengerTest" time="0.001"/>
  <testcase name="testPassengerConstructor()" classname="edu.umn.cs.csci3081w.project.model.PassengerTest" time="0.001"/>
  <system-out><![CDATA[]]></system-out>
  <system-err><![CDATA[]]></system-err>
</testsuite>
